[00:04:27] [Server thread/INFO]: /176.65.149.246:37094 lost connection: Internal Exception: io.netty.handler.codec.DecoderException: Failed to decode packet 'serverbound/minecraft:hello'
[03:27:49] [Server thread/INFO]:  (/156.146.63.199:31459) lost connection: Disconnected
[05:05:11] [User Authenticator #9/INFO]: UUID of player 1cale is 8422c3c4-3b45-43ce-b876-99e7db37e170
[05:05:12] [Server thread/INFO]: 1cale[/192.168.50.1:5370] logged in with entity id 45984 at (-57.6961627435988, 16.0, -1059.8275022556534)
[05:05:12] [Server thread/INFO]: 1cale joined the game
[05:05:15] [Server thread/INFO]: [1cale: Reloading!]
[05:05:16] [Server thread/INFO]: Loaded 1392 recipes
[05:05:16] [Server thread/INFO]: Loaded 1659 advancements
[05:05:59] [Server thread/INFO]: 1cale lost connection: Disconnected
[05:05:59] [Server thread/INFO]: 1cale left the game
[05:06:59] [Server thread/INFO]: Server empty for 60 seconds, pausing
[06:08:26] [Netty Epoll Server IO #10/ERROR]: Error sending packet clientbound/minecraft:disconnect
io.netty.handler.codec.EncoderException: Sending unknown packet 'clientbound/minecraft:disconnect'
	at zd.a(SourceFile:50) ~[server-1.21.5.jar:?]
	at zd.encode(SourceFile:14) ~[server-1.21.5.jar:?]
	at wj.a(SourceFile:26) ~[server-1.21.5.jar:?]
	at wj.encode(SourceFile:12) ~[server-1.21.5.jar:?]
	at io.netty.handler.codec.MessageToByteEncoder.write(MessageToByteEncoder.java:107) ~[netty-codec-4.1.118.Final.jar:4.1.118.Final]
	at io.netty.channel.AbstractChannelHandlerContext.invokeWrite0(AbstractChannelHandlerContext.java:893) ~[netty-transport-4.1.118.Final.jar:4.1.118.Final]
	at io.netty.channel.AbstractChannelHandlerContext.invokeWrite(AbstractChannelHandlerContext.java:875) ~[netty-transport-4.1.118.Final.jar:4.1.118.Final]
	at io.netty.channel.AbstractChannelHandlerContext.write(AbstractChannelHandlerContext.java:984) ~[netty-transport-4.1.118.Final.jar:4.1.118.Final]
	at io.netty.channel.AbstractChannelHandlerContext.write(AbstractChannelHandlerContext.java:868) ~[netty-transport-4.1.118.Final.jar:4.1.118.Final]
	at io.netty.channel.ChannelOutboundHandlerAdapter.write(ChannelOutboundHandlerAdapter.java:113) ~[netty-transport-4.1.118.Final.jar:4.1.118.Final]
	at vv$2.write(SourceFile:530) ~[server-1.21.5.jar:?]
	at io.netty.channel.AbstractChannelHandlerContext.invokeWrite0(AbstractChannelHandlerContext.java:893) ~[netty-transport-4.1.118.Final.jar:4.1.118.Final]
	at io.netty.channel.AbstractChannelHandlerContext.invokeWriteAndFlush(AbstractChannelHandlerContext.java:956) ~[netty-transport-4.1.118.Final.jar:4.1.118.Final]
	at io.netty.channel.AbstractChannelHandlerContext.write(AbstractChannelHandlerContext.java:982) ~[netty-transport-4.1.118.Final.jar:4.1.118.Final]
	at io.netty.channel.AbstractChannelHandlerContext.writeAndFlush(AbstractChannelHandlerContext.java:950) ~[netty-transport-4.1.118.Final.jar:4.1.118.Final]
	at io.netty.channel.AbstractChannelHandlerContext.writeAndFlush(AbstractChannelHandlerContext.java:1000) ~[netty-transport-4.1.118.Final.jar:4.1.118.Final]
	at io.netty.channel.DefaultChannelPipeline.writeAndFlush(DefaultChannelPipeline.java:974) ~[netty-transport-4.1.118.Final.jar:4.1.118.Final]
	at io.netty.channel.AbstractChannel.writeAndFlush(AbstractChannel.java:305) ~[netty-transport-4.1.118.Final.jar:4.1.118.Final]
	at vv.c(SourceFile:350) ~[server-1.21.5.jar:?]
	at vv.b(SourceFile:343) ~[server-1.21.5.jar:?]
	at vv.a(SourceFile:325) ~[server-1.21.5.jar:?]
	at vv.a(SourceFile:319) ~[server-1.21.5.jar:?]
	at vv.exceptionCaught(SourceFile:170) ~[server-1.21.5.jar:?]
	at io.netty.channel.AbstractChannelHandlerContext.invokeExceptionCaught(AbstractChannelHandlerContext.java:346) ~[netty-transport-4.1.118.Final.jar:4.1.118.Final]
	at io.netty.channel.AbstractChannelHandlerContext.invokeExceptionCaught(AbstractChannelHandlerContext.java:325) ~[netty-transport-4.1.118.Final.jar:4.1.118.Final]
	at io.netty.channel.AbstractChannelHandlerContext.fireExceptionCaught(AbstractChannelHandlerContext.java:317) ~[netty-transport-4.1.118.Final.jar:4.1.118.Final]
	at io.netty.channel.DefaultChannelPipeline$HeadContext.exceptionCaught(DefaultChannelPipeline.java:1324) ~[netty-transport-4.1.118.Final.jar:4.1.118.Final]
	at io.netty.channel.AbstractChannelHandlerContext.invokeExceptionCaught(AbstractChannelHandlerContext.java:346) ~[netty-transport-4.1.118.Final.jar:4.1.118.Final]
	at io.netty.channel.AbstractChannelHandlerContext.invokeExceptionCaught(AbstractChannelHandlerContext.java:325) ~[netty-transport-4.1.118.Final.jar:4.1.118.Final]
	at io.netty.channel.DefaultChannelPipeline.fireExceptionCaught(DefaultChannelPipeline.java:856) ~[netty-transport-4.1.118.Final.jar:4.1.118.Final]
	at io.netty.channel.epoll.AbstractEpollStreamChannel$EpollStreamUnsafe.handleReadException(AbstractEpollStreamChannel.java:727) ~[netty-transport-classes-epoll-4.1.118.Final.jar:4.1.118.Final]
	at io.netty.channel.epoll.AbstractEpollStreamChannel$EpollStreamUnsafe.epollInReady(AbstractEpollStreamChannel.java:825) ~[netty-transport-classes-epoll-4.1.118.Final.jar:4.1.118.Final]
	at io.netty.channel.epoll.EpollEventLoop.processReady(EpollEventLoop.java:501) ~[netty-transport-classes-epoll-4.1.118.Final.jar:4.1.118.Final]
	at io.netty.channel.epoll.EpollEventLoop.run(EpollEventLoop.java:399) ~[netty-transport-classes-epoll-4.1.118.Final.jar:4.1.118.Final]
	at io.netty.util.concurrent.SingleThreadEventExecutor$4.run(SingleThreadEventExecutor.java:998) ~[netty-common-4.1.118.Final.jar:4.1.118.Final]
	at io.netty.util.internal.ThreadExecutorMap$2.run(ThreadExecutorMap.java:74) ~[netty-common-4.1.118.Final.jar:4.1.118.Final]
	at java.base/java.lang.Thread.run(Thread.java:1583) [?:?]
[09:18:04] [Server thread/INFO]: /176.65.149.246:42956 lost connection: Internal Exception: io.netty.handler.codec.DecoderException: Failed to decode packet 'serverbound/minecraft:hello'
[10:09:56] [Server thread/INFO]: /176.65.149.246:43846 lost connection: Internal Exception: io.netty.handler.codec.DecoderException: Failed to decode packet 'serverbound/minecraft:hello'
[10:46:49] [Server thread/INFO]:  (/156.146.63.199:51283) lost connection: Disconnected
[11:11:05] [User Authenticator #10/INFO]: UUID of player Zoran1205 is cb6bbc04-ccd1-4146-9ea9-697e856132e9
[11:11:07] [Server thread/INFO]: Zoran1205[/84.84.202.174:63151] logged in with entity id 46290 at (2338.370345970606, 70.17000010013581, 2317.200266830212)
[11:11:07] [Server thread/INFO]: Zoran1205 joined the game
[11:23:24] [Server thread/INFO]: Zoran1205 has made the advancement [Total Beelocation]
[11:28:55] [Server thread/INFO]: Zoran1205 lost connection: Disconnected
[11:28:55] [Server thread/INFO]: Zoran1205 left the game
[11:29:55] [Server thread/INFO]: Server empty for 60 seconds, pausing
[11:31:45] [User Authenticator #11/INFO]: UUID of player Zoran1205 is cb6bbc04-ccd1-4146-9ea9-697e856132e9
[11:31:47] [Server thread/INFO]: Zoran1205[/84.84.202.174:63863] logged in with entity id 53984 at (3789.7994456059123, 66.0, 2472.882065131525)
[11:31:47] [Server thread/INFO]: Zoran1205 joined the game
[11:49:05] [Server thread/INFO]: Zoran1205 lost connection: Disconnected
[11:49:05] [Server thread/INFO]: Zoran1205 left the game
[11:50:05] [Server thread/INFO]: Server empty for 60 seconds, pausing
[11:54:07] [User Authenticator #12/INFO]: UUID of player Zoran1205 is cb6bbc04-ccd1-4146-9ea9-697e856132e9
[11:54:09] [Server thread/INFO]: Zoran1205[/84.84.202.174:64655] logged in with entity id 62737 at (5648.487500011921, 64.0, 2836.656548692203)
[11:54:09] [Server thread/INFO]: Zoran1205 joined the game
[11:57:27] [Server thread/INFO]: Zoran1205 lost connection: Disconnected
[11:57:27] [Server thread/INFO]: Zoran1205 left the game
[11:58:27] [Server thread/INFO]: Server empty for 60 seconds, pausing
[12:00:07] [User Authenticator #13/INFO]: UUID of player Zoran1205 is cb6bbc04-ccd1-4146-9ea9-697e856132e9
[12:00:09] [Server thread/INFO]: Zoran1205[/84.84.202.174:64930] logged in with entity id 63610 at (5663.007445172983, 83.0, 2770.4150372313784)
[12:00:09] [Server thread/INFO]: Zoran1205 joined the game
[12:01:35] [Server thread/INFO]:  (/156.146.63.199:36407) lost connection: Disconnected
[12:04:06] [Server thread/INFO]: /176.65.149.246:37988 lost connection: Internal Exception: io.netty.handler.codec.DecoderException: Failed to decode packet 'serverbound/minecraft:hello'
[12:19:04] [Server thread/WARN]: Oak Boat (vehicle of Zoran1205) moved too quickly! 36.041411668406,-3.2733282750996295E-9,22.61935585179208
[12:19:05] [Server thread/WARN]: Oak Boat (vehicle of Zoran1205) moved too quickly! 36.21185876642903,-3.2733282750996295E-9,22.884680772999218
[12:19:05] [Server thread/WARN]: Oak Boat (vehicle of Zoran1205) moved too quickly! 36.39518846950159,-3.2733282750996295E-9,23.150010021804064
[12:19:05] [Server thread/WARN]: Oak Boat (vehicle of Zoran1205) moved too quickly! 36.59011251681204,-3.2733282750996295E-9,23.415343165446757
[12:42:06] [Server thread/INFO]: Zoran1205 has reached the goal [Pirate Captain]
[12:52:31] [Server thread/INFO]: Zoran1205 has reached the goal [Ten Thousand Blocks]
[12:53:26] [Server thread/INFO]: [Zoran1205: Triggered [ThePaleGardenRemastered]]
[12:57:30] [Server thread/WARN]: Oak Boat (vehicle of Zoran1205) moved wrongly! 0.3771448215957207
[12:57:31] [Server thread/WARN]: Oak Boat (vehicle of Zoran1205) moved wrongly! 0.5452502106727479
[12:57:31] [Server thread/WARN]: Oak Boat (vehicle of Zoran1205) moved wrongly! 0.393772257531964
[12:57:31] [Server thread/WARN]: Oak Boat (vehicle of Zoran1205) moved wrongly! 0.6480353860606556
[13:04:18] [User Authenticator #14/INFO]: UUID of player 1cale is 8422c3c4-3b45-43ce-b876-99e7db37e170
[13:04:20] [Server thread/INFO]: 1cale[/192.168.50.1:6426] logged in with entity id 103649 at (-58.2977812188091, 16.5625, -1058.3752137924773)
[13:04:20] [Server thread/INFO]: 1cale joined the game
[13:04:25] [Server thread/INFO]: [1cale: Reloading!]
[13:04:25] [Server thread/INFO]: Loaded 1392 recipes
[13:04:25] [Server thread/INFO]: Loaded 1659 advancements
[13:05:56] [Server thread/INFO]: <Zoran1205> so this time we're all gonna live next to each other right
[13:05:57] [Server thread/INFO]: <Zoran1205> surely
[13:06:37] [Server thread/INFO]: <1cale> i can probably say not
[13:06:50] [Server thread/INFO]: <1cale> considering i want to build on the nether roof
[13:07:02] [Server thread/INFO]: <Zoran1205> what are you gonna build on there
[13:07:05] [Server thread/INFO]: <Zoran1205> a giant pig farm?
[13:07:24] [Server thread/INFO]: <Zoran1205> also yeah I'm already 12k blocks from spawn so
[13:10:29] [Server thread/INFO]: <1cale> you got feathers?
[13:10:31] [Server thread/INFO]: <1cale> and wool?
[13:10:44] [Server thread/INFO]: <Zoran1205> I don't think I got any wool no
[13:11:51] [Server thread/INFO]: <Zoran1205> for the sleeping bag?
[13:11:57] [Server thread/INFO]: <1cale> yea
[13:12:13] [Server thread/INFO]: <Zoran1205> does that show up in the recipe book
[13:12:20] [Server thread/INFO]: <1cale> yes
[13:13:09] [Server thread/INFO]: <Zoran1205> how much do you need
[13:13:31] [Server thread/INFO]: <1cale> 1 wool 2 feathers
[13:13:33] [Server thread/INFO]: <Zoran1205> oh
[13:13:35] [Server thread/INFO]: <1cale> wool any color
[13:13:39] [Server thread/INFO]: <Zoran1205> it doesn't show
[13:14:01] [Server thread/INFO]: <Zoran1205> got 7 feathers 4 wool
[13:15:03] [Server thread/INFO]: <Zoran1205> showed a picture in discord
[13:15:07] [Server thread/INFO]: <1cale> how did you sleep
[13:15:12] [Server thread/INFO]: <1cale> isnt it day
[13:15:12] [Server thread/INFO]: <Zoran1205> normal bed
[13:15:16] [Server thread/INFO]: <Zoran1205> it wasn't
[13:15:29] [Server thread/INFO]: <1cale> you shouldve waited
[13:15:50] [Server thread/INFO]: <Zoran1205> why
[13:16:05] [Server thread/INFO]: <1cale> im trying to test if this bedroll is 50% too
[13:16:15] [Server thread/INFO]: <Zoran1205> what is the crafting recipe though
[13:16:59] [Server thread/INFO]: /176.65.149.246:54370 lost connection: Internal Exception: io.netty.handler.codec.DecoderException: Failed to decode packet 'serverbound/minecraft:hello'
[13:17:41] [Server thread/INFO]: <1cale> looks like a bed
[13:18:02] [Server thread/INFO]: <1cale> not sure why the recipe only shows after crafting
[13:18:18] [Server thread/INFO]: <Zoran1205> ok yeah it shows after crafting
[13:21:17] [Server thread/INFO]: <1cale> is there a way to see how many blocks i am from something
[13:22:19] [Server thread/INFO]: <Zoran1205> I have no clue
[13:24:41] [Server thread/INFO]: <Zoran1205> it slept but it doesn't say it in chat
[13:25:04] [Server thread/INFO]: <Zoran1205> I don't think it really counts as sleeping
[13:25:08] [Server thread/INFO]: <Zoran1205> it just blinds you and sets time day
[13:25:11] [Server thread/INFO]: <1cale> ok i'll see if i can integrate it
[13:25:57] [Server thread/INFO]: <1cale> yea its just pseudo sleep
[13:26:14] [Server thread/INFO]: <Zoran1205> does it even care about the other players
[13:26:19] [Server thread/INFO]: <Zoran1205> like if there are 6 online and one sleeps
[13:26:25] [Server thread/INFO]: <Zoran1205> in a sleeping bag
[13:26:32] [Server thread/INFO]: <Zoran1205> it just skips night?
[13:27:09] [Server thread/INFO]: <1cale> ill try setting it to 100% and we'll see the next night
[13:27:13] [Server thread/INFO]: <Zoran1205> ok
[13:27:56] [Server thread/INFO]: <Zoran1205> food time
[13:27:58] [Server thread/INFO]: <Zoran1205> be back later
[13:28:04] [Server thread/INFO]: Zoran1205 lost connection: Disconnected
[13:28:04] [Server thread/INFO]: Zoran1205 left the game
[14:30:45] [Netty Epoll Server IO #10/ERROR]: Error sending packet clientbound/minecraft:disconnect
io.netty.handler.codec.EncoderException: Sending unknown packet 'clientbound/minecraft:disconnect'
	at zd.a(SourceFile:50) ~[server-1.21.5.jar:?]
	at zd.encode(SourceFile:14) ~[server-1.21.5.jar:?]
	at wj.a(SourceFile:26) ~[server-1.21.5.jar:?]
	at wj.encode(SourceFile:12) ~[server-1.21.5.jar:?]
	at io.netty.handler.codec.MessageToByteEncoder.write(MessageToByteEncoder.java:107) ~[netty-codec-4.1.118.Final.jar:4.1.118.Final]
	at io.netty.channel.AbstractChannelHandlerContext.invokeWrite0(AbstractChannelHandlerContext.java:893) ~[netty-transport-4.1.118.Final.jar:4.1.118.Final]
	at io.netty.channel.AbstractChannelHandlerContext.invokeWrite(AbstractChannelHandlerContext.java:875) ~[netty-transport-4.1.118.Final.jar:4.1.118.Final]
	at io.netty.channel.AbstractChannelHandlerContext.write(AbstractChannelHandlerContext.java:984) ~[netty-transport-4.1.118.Final.jar:4.1.118.Final]
	at io.netty.channel.AbstractChannelHandlerContext.write(AbstractChannelHandlerContext.java:868) ~[netty-transport-4.1.118.Final.jar:4.1.118.Final]
	at io.netty.channel.ChannelOutboundHandlerAdapter.write(ChannelOutboundHandlerAdapter.java:113) ~[netty-transport-4.1.118.Final.jar:4.1.118.Final]
	at vv$2.write(SourceFile:530) ~[server-1.21.5.jar:?]
	at io.netty.channel.AbstractChannelHandlerContext.invokeWrite0(AbstractChannelHandlerContext.java:893) ~[netty-transport-4.1.118.Final.jar:4.1.118.Final]
	at io.netty.channel.AbstractChannelHandlerContext.invokeWriteAndFlush(AbstractChannelHandlerContext.java:956) ~[netty-transport-4.1.118.Final.jar:4.1.118.Final]
	at io.netty.channel.AbstractChannelHandlerContext.write(AbstractChannelHandlerContext.java:982) ~[netty-transport-4.1.118.Final.jar:4.1.118.Final]
	at io.netty.channel.AbstractChannelHandlerContext.writeAndFlush(AbstractChannelHandlerContext.java:950) ~[netty-transport-4.1.118.Final.jar:4.1.118.Final]
	at io.netty.channel.AbstractChannelHandlerContext.writeAndFlush(AbstractChannelHandlerContext.java:1000) ~[netty-transport-4.1.118.Final.jar:4.1.118.Final]
	at io.netty.channel.DefaultChannelPipeline.writeAndFlush(DefaultChannelPipeline.java:974) ~[netty-transport-4.1.118.Final.jar:4.1.118.Final]
	at io.netty.channel.AbstractChannel.writeAndFlush(AbstractChannel.java:305) ~[netty-transport-4.1.118.Final.jar:4.1.118.Final]
	at vv.c(SourceFile:350) ~[server-1.21.5.jar:?]
	at vv.b(SourceFile:343) ~[server-1.21.5.jar:?]
	at vv.a(SourceFile:325) ~[server-1.21.5.jar:?]
	at vv.a(SourceFile:319) ~[server-1.21.5.jar:?]
	at vv.exceptionCaught(SourceFile:170) ~[server-1.21.5.jar:?]
	at io.netty.channel.AbstractChannelHandlerContext.invokeExceptionCaught(AbstractChannelHandlerContext.java:346) ~[netty-transport-4.1.118.Final.jar:4.1.118.Final]
	at io.netty.channel.AbstractChannelHandlerContext.invokeExceptionCaught(AbstractChannelHandlerContext.java:325) ~[netty-transport-4.1.118.Final.jar:4.1.118.Final]
	at io.netty.channel.AbstractChannelHandlerContext.fireExceptionCaught(AbstractChannelHandlerContext.java:317) ~[netty-transport-4.1.118.Final.jar:4.1.118.Final]
	at io.netty.channel.DefaultChannelPipeline$HeadContext.exceptionCaught(DefaultChannelPipeline.java:1324) ~[netty-transport-4.1.118.Final.jar:4.1.118.Final]
	at io.netty.channel.AbstractChannelHandlerContext.invokeExceptionCaught(AbstractChannelHandlerContext.java:346) ~[netty-transport-4.1.118.Final.jar:4.1.118.Final]
	at io.netty.channel.AbstractChannelHandlerContext.invokeExceptionCaught(AbstractChannelHandlerContext.java:325) ~[netty-transport-4.1.118.Final.jar:4.1.118.Final]
	at io.netty.channel.DefaultChannelPipeline.fireExceptionCaught(DefaultChannelPipeline.java:856) ~[netty-transport-4.1.118.Final.jar:4.1.118.Final]
	at io.netty.channel.epoll.AbstractEpollStreamChannel$EpollStreamUnsafe.handleReadException(AbstractEpollStreamChannel.java:727) ~[netty-transport-classes-epoll-4.1.118.Final.jar:4.1.118.Final]
	at io.netty.channel.epoll.AbstractEpollStreamChannel$EpollStreamUnsafe.epollInReady(AbstractEpollStreamChannel.java:825) ~[netty-transport-classes-epoll-4.1.118.Final.jar:4.1.118.Final]
	at io.netty.channel.epoll.EpollEventLoop.processReady(EpollEventLoop.java:501) ~[netty-transport-classes-epoll-4.1.118.Final.jar:4.1.118.Final]
	at io.netty.channel.epoll.EpollEventLoop.run(EpollEventLoop.java:399) ~[netty-transport-classes-epoll-4.1.118.Final.jar:4.1.118.Final]
	at io.netty.util.concurrent.SingleThreadEventExecutor$4.run(SingleThreadEventExecutor.java:998) ~[netty-common-4.1.118.Final.jar:4.1.118.Final]
	at io.netty.util.internal.ThreadExecutorMap$2.run(ThreadExecutorMap.java:74) ~[netty-common-4.1.118.Final.jar:4.1.118.Final]
	at java.base/java.lang.Thread.run(Thread.java:1583) [?:?]
[14:30:49] [Server thread/INFO]: /176.65.149.246:56750 lost connection: Internal Exception: io.netty.handler.codec.DecoderException: Failed to decode packet 'serverbound/minecraft:hello'
[14:35:45] [Server thread/INFO]: 1cale has made the advancement [Row, Row, Row]
[14:43:40] [Server thread/WARN]: Tried to over-fill a container
[14:53:29] [Server thread/INFO]: /176.65.149.246:50580 lost connection: Internal Exception: io.netty.handler.codec.DecoderException: Failed to decode packet 'serverbound/minecraft:hello'
[15:03:06] [User Authenticator #15/INFO]: UUID of player Zoran1205 is cb6bbc04-ccd1-4146-9ea9-697e856132e9
[15:03:08] [Server thread/INFO]: Zoran1205[/84.84.202.174:57695] logged in with entity id 139343 at (15502.949765783544, 62.11076431274414, -453.1553714687085)
[15:03:08] [Server thread/INFO]: Zoran1205 joined the game
[15:03:12] [Server thread/INFO]: <Zoran1205> bwahhaha
[15:03:26] [Server thread/INFO]: <1cale> is that like your catchphrase
[15:04:07] [Server thread/INFO]: <Zoran1205> Skot legit wanted you to invite someone who doesn't even have an account
[15:04:08] [Server thread/INFO]: <Zoran1205> wild
[15:04:19] [Server thread/INFO]: <1cale> right
[15:04:51] [Server thread/INFO]: <Zoran1205> also yeah the locator bar is supposed to come with the happy ghasts
[15:06:29] [Server thread/INFO]: <Zoran1205> my inventory is legit fully full
[15:06:32] [Server thread/INFO]: <Zoran1205> need to find a place asap
[15:06:40] [Server thread/INFO]: <1cale> ive got 1 slot left
[15:06:44] [Server thread/INFO]: <1cale> also i found an eye
[15:06:45] [Server thread/INFO]: <Zoran1205> 14 bundles
[15:06:48] [Server thread/INFO]: <Zoran1205> oh damn
[15:06:50] [Server thread/INFO]: <1cale> opulent eye
[15:06:55] [Server thread/INFO]: <Zoran1205> which you get for
[15:07:03] [Server thread/INFO]: <1cale> portal
[15:07:06] [Server thread/INFO]: <Zoran1205> no like
[15:07:07] [Server thread/INFO]: <Zoran1205> obtain
[15:07:10] [Server thread/INFO]: <Zoran1205> how did you obtain it
[15:07:13] [Server thread/INFO]: <1cale> buried treasure
[15:07:14] [Server thread/INFO]: <Zoran1205> ah
[15:07:33] [Server thread/INFO]: <Zoran1205> the outpost structures are ac good looking now
[15:07:45] [Server thread/INFO]: <Zoran1205> I also found like 2 underwater temples and they looked big
[15:07:54] [Server thread/INFO]: <1cale> yes they are huge
[15:08:12] [Server thread/INFO]: <Zoran1205> normally you can just go in with just blocks and buckets but now I'm gonna get like fully geared first
[15:08:17] [Server thread/INFO]: <Zoran1205> oh
[15:08:20] [Server thread/INFO]: <Zoran1205> I found a mushroom biome
[15:08:23] [Server thread/INFO]: <Zoran1205> island
[15:08:37] [Server thread/INFO]: <Zoran1205> there is not a single mushroom cow
[15:08:46] [Server thread/INFO]: <Zoran1205> there is 1 'one' singular mushroom tree
[15:12:44] [Server thread/INFO]: <Zoran1205> did you change sleep % to 100%
[15:12:51] [Server thread/INFO]: <1cale> ill do it right now
[15:13:40] [Server thread/INFO]: [1cale: Gamerule playersSleepingPercentage is now set to: 50]
[15:13:45] [Server thread/INFO]: [1cale: Gamerule playersSleepingPercentage is now set to: 100]
[15:13:50] [Server thread/INFO]: <1cale> ok try it
[15:14:43] [Server thread/INFO]: <1cale> are you sleeping
[15:14:48] [Server thread/INFO]: <Zoran1205> yeah
[15:14:50] [Server thread/INFO]: <Zoran1205> it doesn't do it
[15:15:01] [Server thread/INFO]: <Zoran1205> you need to right click the bed again to leave
[15:15:19] [Server thread/INFO]: <Zoran1205> that's good at least though
[15:15:28] [Server thread/INFO]: [1cale: Gamerule playersSleepingPercentage is now set to: 50]
[15:16:50] [Server thread/INFO]: <Zoran1205> damn this one is massive compared to the other one
[15:21:21] [Server thread/INFO]: <1cale> badlands mineshaft legit is ass
[15:21:27] [Server thread/INFO]: <Zoran1205> yeah
[15:21:32] [Server thread/INFO]: <Zoran1205> it's too high to get anything good
[15:21:37] [Server thread/INFO]: <Zoran1205> except chests ig
[15:24:02] [Server thread/INFO]: <Zoran1205> bro
[15:24:06] [Server thread/INFO]: <Zoran1205> 4 mushroom islands in a row
[15:25:07] [Server thread/WARN]: Oak Boat (vehicle of Zoran1205) moved wrongly! 0.30657309891830664
[15:26:25] [Server thread/INFO]: <1cale> this mini pc is not enjoying whatever you're doing
[15:26:30] [Server thread/INFO]: <Zoran1205> exploring
[15:26:34] [Server thread/INFO]: <Zoran1205> but it's all water
[15:26:43] [Server thread/INFO]: <Zoran1205> so I can't even just walk or sprint through it
[15:26:54] [Server thread/INFO]: <Zoran1205> which would prob help
[15:31:19] [Server thread/INFO]: <Zoran1205> mangrove biome
[15:31:44] [Server thread/INFO]: <1cale> you dont get the recipe because i have to make an advancement for it
[15:31:50] [Server thread/INFO]: <Zoran1205> that's annoying
[15:32:06] [Server thread/INFO]: <Zoran1205> why didn't they just add that themselves
[15:32:07] [Server thread/INFO]: <1cale> checks if you've got the item in your inventory then rewards you the recipe
[15:32:52] [Server thread/WARN]: Oak Boat (vehicle of Zoran1205) moved too quickly! 10.293947768444923,0.0,0.23690143829060162
[15:34:05] [Server thread/INFO]: Zoran1205 has made the advancement [Run, Forrest, Run]
[15:38:21] [Server thread/INFO]: <1cale> do i need more than one seed for watermelon
[15:38:26] [Server thread/INFO]: <1cale> like am i guaranteed to get it back
[15:38:27] [Server thread/INFO]: <Zoran1205> no
[15:38:33] [Server thread/INFO]: <Zoran1205> you get like 6 from one
[15:43:50] [Server thread/INFO]: /176.65.149.246:56986 lost connection: Internal Exception: io.netty.handler.codec.DecoderException: Failed to decode packet 'serverbound/minecraft:hello'
[15:45:15] [Server thread/INFO]: <Zoran1205> didn't you have a datapack which changes lodestones
[15:45:22] [Server thread/INFO]: <1cale> no
[15:45:24] [Server thread/INFO]: <Zoran1205> oh
[15:45:26] [Server thread/INFO]: <Zoran1205> ok
[15:45:30] [Server thread/INFO]: <1cale> i think 1.21.5 change them though
[15:52:03] [Server thread/INFO]: <1cale> still in a mineshaft btw
[15:52:10] [Server thread/INFO]: <Zoran1205> it's been like 40mins
[15:52:12] [Server thread/INFO]: <1cale> thing just keeps going
[15:54:29] [Server thread/INFO]: <1cale> i tamed a parrot and forgot about it
[15:54:46] [Server thread/INFO]: <1cale> its sitting in some cave like 2 thousand blocks away
[15:54:58] [Server thread/INFO]: <Zoran1205> rip to that guy
[15:57:42] [Server thread/INFO]: <Zoran1205> pale garden
[15:57:44] [Server thread/INFO]: <Zoran1205> damn
[15:57:49] [Server thread/INFO]: 1cale has made the advancement [Isn't It Scute?]
[15:57:59] [Server thread/INFO]: <1cale> yea pale garden is actually scary now
[15:58:08] [Server thread/INFO]: <Zoran1205> bro
[15:58:10] [Server thread/INFO]: <Zoran1205> it's too much
[15:58:30] [Server thread/INFO]: <Zoran1205> 6m block distance goes hard
[15:58:34] [Server thread/INFO]: <Zoran1205> view*
[15:58:45] [Server thread/INFO]: <1cale> creakings are a lot faster now too
[15:58:50] [Server thread/INFO]: <1cale> you should stay there until dark
[15:58:55] [Server thread/INFO]: <Zoran1205> nah fuck that
[15:58:57] [Server thread/INFO]: <Zoran1205> don't wanna die
[15:59:07] [Server thread/INFO]: <Zoran1205> I'll come back when I've found a place
[15:59:14] [Server thread/INFO]: <Zoran1205> + this one sucks cuz it's super small
[15:59:46] [Server thread/INFO]: <1cale> brushes insta break wth
[16:00:00] [Server thread/INFO]: <Zoran1205> they break pretty fast yeah
[16:00:04] [Server thread/INFO]: <Zoran1205> you can only brush them a few times
[16:00:12] [Server thread/INFO]: <1cale> i found a mule but i dont have a saddle dammit
[16:00:18] [Server thread/INFO]: <Zoran1205> I can give you one
[16:00:23] [Server thread/INFO]: <1cale> how did i spend 50 minutes in a mineshaft and not find a saddle
[16:00:30] [Server thread/INFO]: [Zoran1205: Triggered [chat_coords]]
[16:00:35] [Server thread/INFO]: <1cale> yea ok bro
[16:00:39] [Server thread/INFO]: [1cale: Triggered [chat_coords]]
[16:00:41] [Server thread/INFO]: <Zoran1205> lol
[16:00:45] [Server thread/INFO]: <1cale> im not even positive
[16:01:09] [Server thread/INFO]: <Zoran1205> nah the pale garden actually looks scary
[16:01:13] [Server thread/INFO]: <Zoran1205> I found a bigger one
[16:01:27] [Server thread/INFO]: <1cale> makes the trees bigger and more dense
[16:01:33] [Server thread/INFO]: <Zoran1205> I hate the random sounds
[16:02:24] [Server thread/INFO]: <1cale> i have like 8 dogs
[16:02:33] [Server thread/INFO]: <1cale> im never taking skeleton or zombie damage ever again
[16:02:35] [Server thread/INFO]: <Zoran1205> ur gonna blow up and lose everything again
[16:02:47] [Server thread/INFO]: <1cale> idc ive already killed like 5 dogs
[16:02:51] [Server thread/INFO]: <Zoran1205> damn
[16:02:53] [Server thread/INFO]: <Zoran1205> meat shields
[16:02:55] [Server thread/INFO]: <1cale> expendables
[16:03:16] [Server thread/INFO]: <Zoran1205> these allays have been following me for like 20k blocks
[16:05:03] [Server thread/INFO]: <Zoran1205> 31/54 biomes
[16:05:40] [Server thread/INFO]: <Zoran1205> legit just trying to find a good looking desert with a desert temple
[16:05:53] [Server thread/INFO]: 1cale has made the advancement [Shear Brilliance]
[16:06:03] [Server thread/INFO]: <Zoran1205> now repair it
[16:06:39] [Server thread/INFO]: 1cale has made the advancement [Good as New]
[16:06:42] [Server thread/INFO]: <Zoran1205> w
[16:08:25] [Server thread/INFO]: <1cale> brb im gonna work on adding recipes
[16:08:28] [Server thread/INFO]: <Zoran1205> oke
[16:08:30] [Server thread/INFO]: 1cale lost connection: Disconnected
[16:08:30] [Server thread/INFO]: 1cale left the game
[16:09:11] [Server thread/INFO]: Zoran1205 has made the advancement [You've Got a Friend in Me]
[16:22:26] [Server thread/INFO]: Zoran1205 has made the advancement [Flippin' Smart]
[16:25:03] [User Authenticator #16/INFO]: UUID of player 1cale is 8422c3c4-3b45-43ce-b876-99e7db37e170
[16:25:04] [Server thread/INFO]: 1cale[/192.168.50.1:8043] logged in with entity id 198218 at (-2197.930744437265, 119.0, 490.1183132778994)
[16:25:04] [Server thread/INFO]: 1cale joined the game
[16:25:09] [Server thread/INFO]: [1cale: Reloading!]
[16:25:09] [Server thread/INFO]: Loaded 1392 recipes
[16:25:09] [Server thread/INFO]: Loaded 1675 advancements
[16:27:15] [Server thread/INFO]: 1cale lost connection: Disconnected
[16:27:15] [Server thread/INFO]: 1cale left the game
[16:32:15] [User Authenticator #17/INFO]: UUID of player 1cale is 8422c3c4-3b45-43ce-b876-99e7db37e170
[16:32:17] [Server thread/INFO]: 1cale[/192.168.50.1:8104] logged in with entity id 203769 at (-2196.113647056014, 119.0, 488.6749548235269)
[16:32:17] [Server thread/INFO]: 1cale joined the game
[16:32:20] [Server thread/INFO]: [1cale: Reloading!]
[16:32:20] [Server thread/INFO]: Loaded 1392 recipes
[16:32:20] [Server thread/INFO]: Loaded 1675 advancements
[16:35:39] [Server thread/INFO]: <1cale> get a different color wool and see if you get the recipe
[16:35:55] [Server thread/INFO]: <Zoran1205> I'm in a desert but will let you know once I do
[16:37:30] [Server thread/INFO]: <1cale> how tf is a saddle not craftable
[16:37:45] [Server thread/INFO]: <Zoran1205> think it's to make you actually explore
[16:37:57] [Server thread/INFO]: <1cale> some bs
[16:38:03] [Server thread/INFO]: <1cale> i explored now give me my saddle
[16:39:48] [Server thread/INFO]: <1cale> oh it looks like you can get it fishing. lets see what the chances ar- 0.3%
[16:40:13] [Server thread/INFO]: <1cale> trading too. only need to get the trader to MASTER first
[16:40:37] [Server thread/INFO]: <Zoran1205> just explore :)
[16:41:28] [Server thread/INFO]: <1cale> going to explore the idea of putting c4 at mojang headquarters
[16:41:47] [Server thread/INFO]: <Zoran1205> smh
[16:44:20] [Server thread/INFO]: /176.65.149.246:45020 lost connection: Internal Exception: io.netty.handler.codec.DecoderException: Failed to decode packet 'serverbound/minecraft:hello'
[16:45:17] [Server thread/WARN]: Can't keep up! Is the server overloaded? Running 2735ms or 54 ticks behind
[16:50:34] [Server thread/INFO]: <Zoran1205> so the tree cutting datapack is gone right
[16:50:38] [Server thread/INFO]: <1cale> yes
[16:50:40] [Server thread/INFO]: <Zoran1205> rip
[16:51:05] [Server thread/INFO]: <1cale> there was another one but it had physics and idk how performance friendly that would be
[16:51:17] [Server thread/INFO]: <Zoran1205> lol just cut down the entire jungle
[16:55:42] [Server thread/INFO]: Zoran1205 lost connection: Disconnected
[16:55:42] [Server thread/INFO]: Zoran1205 left the game
[16:59:06] [User Authenticator #18/INFO]: UUID of player Zoran1205 is cb6bbc04-ccd1-4146-9ea9-697e856132e9
[16:59:08] [Server thread/INFO]: Zoran1205[/84.84.202.174:62495] logged in with entity id 219704 at (26332.37195037162, 62.372451299683725, -2635.636443162013)
[16:59:08] [Server thread/INFO]: Zoran1205 joined the game
[17:10:36] [Server thread/INFO]: <1cale> seen any meerkats or oases yet
[17:10:39] [Server thread/INFO]: <Zoran1205> nope
[17:10:39] [Server thread/INFO]: <Zoran1205> 0
[17:10:54] [Server thread/INFO]: <Zoran1205> 26k blocks positive and seen 0
[17:11:20] [Server thread/INFO]: <Zoran1205> do they spawn badlands
[17:14:37] [Server thread/INFO]: <1cale> no
[17:14:56] [Server thread/INFO]: <1cale> i thought as long as the chunk was newly generated they would still spawn after the world has been generated
[17:15:24] [Server thread/INFO]: [1cale: Running function biome_vote:desert/meerkat/summon]
